<?xml version="1.0" encoding="UTF-8"?>
<!-- Generated by org.testng.reporters.JUnitReportReporter -->
<testsuite skipped="0" hostname="KIRTIDEEP" name="praaaa.NewTest" tests="1" failures="0" timestamp="17 Dec 2017 03:04:28 GMT" time="14.723" errors="0">
  <testcase name="f" time="14.723" classname="praaaa.NewTest"/>
</testsuite> <!-- praaaa.NewTest -->
